android/build_alt_2/capacitor-browser/outputs/logs/manifest-merger-debug-report.txt
-- Merging decision tree log ---
manifest
ADDED from src\main\AndroidManifest.xml:2:3-14:14
INJECTED from src\main\AndroidManifest.xml:2:3-14:14
	package
		INJECTED from src\main\AndroidManifest.xml
	xmlns:android
		ADDED from src\main\AndroidManifest.xml:2:13-71
application
ADDED from src\main\AndroidManifest.xml:3:5-8:19
activity#com.capacitorjs.plugins.browser.BrowserControllerActivity
ADDED from src\main\AndroidManifest.xml:4:7-7:44
	android:launchMode
		ADDED from src\main\AndroidManifest.xml:7:11-42
	android:exported
		ADDED from src\main\AndroidManifest.xml:5:9-33
	android:theme
		ADDED from src\main\AndroidManifest.xml:6:11-70
	android:name
		ADDED from src\main\AndroidManifest.xml:4:17-58
queries
ADDED from src\main\AndroidManifest.xml:9:5-13:15
intent#action:name:android.support.customtabs.action.CustomTabsService
ADDED from src\main\AndroidManifest.xml:10:7-12:16
action#android.support.customtabs.action.CustomTabsService
ADDED from src\main\AndroidManifest.xml:11:9-86
	android:name
		ADDED from src\main\AndroidManifest.xml:11:17-83
uses-sdk
INJECTED from src\main\AndroidManifest.xml reason: use-sdk injection requested
INJECTED from src\main\AndroidManifest.xml
INJECTED from src\main\AndroidManifest.xml
	android:targetSdkVersion
		INJECTED from src\main\AndroidManifest.xml
	android:minSdkVersion
		INJECTED from src\main\AndroidManifest.xml